<?xml version="1.0" encoding="UTF-8"?>
<testng-results ignored="0" total="3" passed="3" failed="0" skipped="0">
  <reporter-output>
  </reporter-output>
  <suite started-at="2024-12-16T09:13:39 IST" name="Suite" finished-at="2024-12-16T09:14:39 IST" duration-ms="59501">
    <groups>
      <group name="cucumber">
        <method signature="AbstractTestNGCucumberTests.runScenario(io.cucumber.testng.PickleWrapper,io.cucumber.testng.FeatureWrapper)[pri:0, instance:TestRunner.Runner@70cf32e3]" name="runScenario" class="io.cucumber.testng.AbstractTestNGCucumberTests"/>
      </group> <!-- cucumber -->
    </groups>
    <test started-at="2024-12-16T09:13:39 IST" name="Test" finished-at="2024-12-16T09:14:39 IST" duration-ms="59501">
      <class name="TestRunner.Runner">
        <test-method is-config="true" signature="setUpClass(org.testng.ITestContext)[pri:0, instance:TestRunner.Runner@70cf32e3]" started-at="2024-12-16T09:13:39 IST" name="setUpClass" finished-at="2024-12-16T09:13:41 IST" duration-ms="1406" status="PASS">
          <params>
            <param index="0">
              <value>
                <![CDATA[org.testng.TestRunner@12d2ddde]]>
              </value>
            </param>
          </params>
          <reporter-output>
          </reporter-output>
        </test-method> <!-- setUpClass -->
        <test-method signature="runScenario(io.cucumber.testng.PickleWrapper,io.cucumber.testng.FeatureWrapper)[pri:0, instance:TestRunner.Runner@70cf32e3]" started-at="2024-12-16T09:13:41 IST" name="runScenario" description="Runs Cucumber Scenarios" data-provider="scenarios" finished-at="2024-12-16T09:14:09 IST" duration-ms="28255" status="PASS">
          <params>
            <param index="0">
              <value>
                <![CDATA["Add new details"]]>
              </value>
            </param>
            <param index="1">
              <value>
                <![CDATA["Address Book"]]>
              </value>
            </param>
          </params>
          <reporter-output>
          </reporter-output>
        </test-method> <!-- runScenario -->
        <test-method signature="runScenario(io.cucumber.testng.PickleWrapper,io.cucumber.testng.FeatureWrapper)[pri:0, instance:TestRunner.Runner@70cf32e3]" started-at="2024-12-16T09:14:09 IST" name="runScenario" description="Runs Cucumber Scenarios" data-provider="scenarios" finished-at="2024-12-16T09:14:24 IST" duration-ms="15105" status="PASS">
          <params>
            <param index="0">
              <value>
                <![CDATA["user successful login with valid input"]]>
              </value>
            </param>
            <param index="1">
              <value>
                <![CDATA["Successfully login with valid input credentials"]]>
              </value>
            </param>
          </params>
          <reporter-output>
          </reporter-output>
        </test-method> <!-- runScenario -->
        <test-method signature="runScenario(io.cucumber.testng.PickleWrapper,io.cucumber.testng.FeatureWrapper)[pri:0, instance:TestRunner.Runner@70cf32e3]" started-at="2024-12-16T09:14:24 IST" name="runScenario" description="Runs Cucumber Scenarios" data-provider="scenarios" finished-at="2024-12-16T09:14:39 IST" duration-ms="14556" status="PASS">
          <params>
            <param index="0">
              <value>
                <![CDATA["user successful login with valid input"]]>
              </value>
            </param>
            <param index="1">
              <value>
                <![CDATA["Successfully login with valid input credentials"]]>
              </value>
            </param>
          </params>
          <reporter-output>
          </reporter-output>
        </test-method> <!-- runScenario -->
        <test-method is-config="true" signature="tearDownClass()[pri:0, instance:TestRunner.Runner@70cf32e3]" started-at="2024-12-16T09:14:39 IST" name="tearDownClass" finished-at="2024-12-16T09:14:39 IST" duration-ms="56" status="PASS">
          <reporter-output>
          </reporter-output>
        </test-method> <!-- tearDownClass -->
      </class> <!-- TestRunner.Runner -->
    </test> <!-- Test -->
  </suite> <!-- Suite -->
</testng-results>
